# JRE version: Java(TM) SE Runtime Environment (8.0_40-b26) (build 1.8.0_40-b26)
# Java VM: Java HotSpot(TM) 64-Bit Server VM (25.40-b25 mixed mode windows-amd64 compressed oops)
Heap:
 PSYoungGen      total 18944K, used 11854K [0x00000000eac00000, 0x00000000ec100000, 0x0000000100000000)
  eden space 16384K, 71% used [0x00000000eac00000,0x00000000eb783800,0x00000000ebc00000)
  from space 2560K, 2% used [0x00000000ebc00000,0x00000000ebc10000,0x00000000ebe80000)
  to   space 2560K, 0% used [0x00000000ebe80000,0x00000000ebe80000,0x00000000ec100000)
 ParOldGen       total 44032K, used 1795K [0x00000000c0400000, 0x00000000c2f00000, 0x00000000eac00000)
  object space 44032K, 4% used [0x00000000c0400000,0x00000000c05c0c58,0x00000000c2f00000)
 Metaspace       used 9694K, capacity 9868K, committed 9984K, reserved 1058816K
  class space    used 1138K, capacity 1225K, committed 1280K, reserved 1048576K
GC Heap History (10 events):
Event: 17.673 GC heap before
{Heap before GC invocations=11 (full 0):
 PSYoungGen      total 19456K, used 16861K [0x00000000eac00000, 0x00000000ec200000, 0x0000000100000000)
  eden space 16384K, 100% used [0x00000000eac00000,0x00000000ebc00000,0x00000000ebc00000)
  from space 3072K, 15% used [0x00000000ebf00000,0x00000000ebf77418,0x00000000ec200000)
  to   space 3072K, 0% used [0x00000000ebc00000,0x00000000ebc00000,0x00000000ebf00000)
 ParOldGen       total 44032K, used 1699K [0x00000000c0400000, 0x00000000c2f00000, 0x00000000eac00000)
  object space 44032K, 3% used [0x00000000c0400000,0x00000000c05a8c58,0x00000000c2f00000)
 Metaspace       used 9505K, capacity 9740K, committed 9984K, reserved 1058816K
  class space    used 1137K, capacity 1225K, committed 1280K, reserved 1048576K
Event: 17.674 GC heap after
Heap after GC invocations=11 (full 0):
 PSYoungGen      total 19456K, used 64K [0x00000000eac00000, 0x00000000ec200000, 0x0000000100000000)
  eden space 16384K, 0% used [0x00000000eac00000,0x00000000eac00000,0x00000000ebc00000)
  from space 3072K, 2% used [0x00000000ebc00000,0x00000000ebc10000,0x00000000ebf00000)
  to   space 3072K, 0% used [0x00000000ebf00000,0x00000000ebf00000,0x00000000ec200000)
 ParOldGen       total 44032K, used 1715K [0x00000000c0400000, 0x00000000c2f00000, 0x00000000eac00000)
  object space 44032K, 3% used [0x00000000c0400000,0x00000000c05acc58,0x00000000c2f00000)
 Metaspace       used 9505K, capacity 9740K, committed 9984K, reserved 1058816K
  class space    used 1137K, capacity 1225K, committed 1280K, reserved 1048576K
}
Event: 19.313 GC heap before
{Heap before GC invocations=12 (full 0):
 PSYoungGen      total 19456K, used 16448K [0x00000000eac00000, 0x00000000ec200000, 0x0000000100000000)
  eden space 16384K, 100% used [0x00000000eac00000,0x00000000ebc00000,0x00000000ebc00000)
  from space 3072K, 2% used [0x00000000ebc00000,0x00000000ebc10000,0x00000000ebf00000)
  to   space 3072K, 0% used [0x00000000ebf00000,0x00000000ebf00000,0x00000000ec200000)
 ParOldGen       total 44032K, used 1715K [0x00000000c0400000, 0x00000000c2f00000, 0x00000000eac00000)
  object space 44032K, 3% used [0x00000000c0400000,0x00000000c05acc58,0x00000000c2f00000)
 Metaspace       used 9605K, capacity 9804K, committed 9984K, reserved 1058816K
  class space    used 1137K, capacity 1225K, committed 1280K, reserved 1048576K
Event: 19.314 GC heap after
Heap after GC invocations=12 (full 0):
 PSYoungGen      total 19456K, used 318K [0x00000000eac00000, 0x00000000ec200000, 0x0000000100000000)
  eden space 16384K, 0% used [0x00000000eac00000,0x00000000eac00000,0x00000000ebc00000)
  from space 3072K, 10% used [0x00000000ebf00000,0x00000000ebf4f810,0x00000000ec200000)
  to   space 3072K, 0% used [0x00000000ebc00000,0x00000000ebc00000,0x00000000ebf00000)
 ParOldGen       total 44032K, used 1723K [0x00000000c0400000, 0x00000000c2f00000, 0x00000000eac00000)
  object space 44032K, 3% used [0x00000000c0400000,0x00000000c05aec58,0x00000000c2f00000)
 Metaspace       used 9605K, capacity 9804K, committed 9984K, reserved 1058816K
  class space    used 1137K, capacity 1225K, committed 1280K, reserved 1048576K
}
Event: 21.066 GC heap before
{Heap before GC invocations=13 (full 0):
 PSYoungGen      total 19456K, used 16702K [0x00000000eac00000, 0x00000000ec200000, 0x0000000100000000)
  eden space 16384K, 100% used [0x00000000eac00000,0x00000000ebc00000,0x00000000ebc00000)
  from space 3072K, 10% used [0x00000000ebf00000,0x00000000ebf4f810,0x00000000ec200000)
  to   space 3072K, 0% used [0x00000000ebc00000,0x00000000ebc00000,0x00000000ebf00000)
 ParOldGen       total 44032K, used 1723K [0x00000000c0400000, 0x00000000c2f00000, 0x00000000eac00000)
  object space 44032K, 3% used [0x00000000c0400000,0x00000000c05aec58,0x00000000c2f00000)
 Metaspace       used 9638K, capacity 9868K, committed 9984K, reserved 1058816K
  class space    used 1137K, capacity 1225K, committed 1280K, reserved 1048576K
Event: 21.067 GC heap after
Heap after GC invocations=13 (full 0):
 PSYoungGen      total 19456K, used 318K [0x00000000eac00000, 0x00000000ec200000, 0x0000000100000000)
  eden space 16384K, 0% used [0x00000000eac00000,0x00000000eac00000,0x00000000ebc00000)
  from space 3072K, 10% used [0x00000000ebc00000,0x00000000ebc4f810,0x00000000ebf00000)
  to   space 3072K, 0% used [0x00000000ebf00000,0x00000000ebf00000,0x00000000ec200000)
 ParOldGen       total 44032K, used 1747K [0x00000000c0400000, 0x00000000c2f00000, 0x00000000eac00000)
  object space 44032K, 3% used [0x00000000c0400000,0x00000000c05b4c58,0x00000000c2f00000)
 Metaspace       used 9638K, capacity 9868K, committed 9984K, reserved 1058816K
  class space    used 1137K, capacity 1225K, committed 1280K, reserved 1048576K
}
Event: 22.813 GC heap before
{Heap before GC invocations=14 (full 0):
 PSYoungGen      total 19456K, used 16702K [0x00000000eac00000, 0x00000000ec200000, 0x0000000100000000)
  eden space 16384K, 100% used [0x00000000eac00000,0x00000000ebc00000,0x00000000ebc00000)
  from space 3072K, 10% used [0x00000000ebc00000,0x00000000ebc4f810,0x00000000ebf00000)
  to   space 3072K, 0% used [0x00000000ebf00000,0x00000000ebf00000,0x00000000ec200000)
 ParOldGen       total 44032K, used 1747K [0x00000000c0400000, 0x00000000c2f00000, 0x00000000eac00000)
  object space 44032K, 3% used [0x00000000c0400000,0x00000000c05b4c58,0x00000000c2f00000)
 Metaspace       used 9654K, capacity 9868K, committed 9984K, reserved 1058816K
  class space    used 1137K, capacity 1225K, committed 1280K, reserved 1048576K
Event: 22.814 GC heap after
Heap after GC invocations=14 (full 0):
 PSYoungGen      total 18432K, used 509K [0x00000000eac00000, 0x00000000ec100000, 0x0000000100000000)
  eden space 16384K, 0% used [0x00000000eac00000,0x00000000eac00000,0x00000000ebc00000)
  from space 2048K, 24% used [0x00000000ebf00000,0x00000000ebf7f418,0x00000000ec100000)
  to   space 2560K, 0% used [0x00000000ebc00000,0x00000000ebc00000,0x00000000ebe80000)
 ParOldGen       total 44032K, used 1771K [0x00000000c0400000, 0x00000000c2f00000, 0x00000000eac00000)
  object space 44032K, 4% used [0x00000000c0400000,0x00000000c05bac58,0x00000000c2f00000)
 Metaspace       used 9654K, capacity 9868K, committed 9984K, reserved 1058816K
  class space    used 1137K, capacity 1225K, committed 1280K, reserved 1048576K
}
Event: 24.562 GC heap before
{Heap before GC invocations=15 (full 0):
 PSYoungGen      total 18432K, used 16893K [0x00000000eac00000, 0x00000000ec100000, 0x0000000100000000)
  eden space 16384K, 100% used [0x00000000eac00000,0x00000000ebc00000,0x00000000ebc00000)
  from space 2048K, 24% used [0x00000000ebf00000,0x00000000ebf7f418,0x00000000ec100000)
  to   space 2560K, 0% used [0x00000000ebc00000,0x00000000ebc00000,0x00000000ebe80000)
 ParOldGen       total 44032K, used 1771K [0x00000000c0400000, 0x00000000c2f00000, 0x00000000eac00000)
  object space 44032K, 4% used [0x00000000c0400000,0x00000000c05bac58,0x00000000c2f00000)
 Metaspace       used 9657K, capacity 9868K, committed 9984K, reserved 1058816K
  class space    used 1137K, capacity 1225K, committed 1280K, reserved 1048576K
Event: 24.563 GC heap after
Heap after GC invocations=15 (full 0):
 PSYoungGen      total 18944K, used 64K [0x00000000eac00000, 0x00000000ec100000, 0x0000000100000000)
  eden space 16384K, 0% used [0x00000000eac00000,0x00000000eac00000,0x00000000ebc00000)
  from space 2560K, 2% used [0x00000000ebc00000,0x00000000ebc10000,0x00000000ebe80000)
  to   space 2560K, 0% used [0x00000000ebe80000,0x00000000ebe80000,0x00000000ec100000)
 ParOldGen       total 44032K, used 1795K [0x00000000c0400000, 0x00000000c2f00000, 0x00000000eac00000)
  object space 44032K, 4% used [0x00000000c0400000,0x00000000c05c0c58,0x00000000c2f00000)
 Metaspace       used 9657K, capacity 9868K, committed 9984K, reserved 1058816K
  class space    used 1137K, capacity 1225K, committed 1280K, reserved 1048576K
}

